<?xml version="1.0" encoding="UTF-8"?>
<testng-results skipped="0" failed="0" total="1" passed="1">
  <reporter-output>
  </reporter-output>
  <suite name="Suite" duration-ms="60" started-at="2020-06-08T19:36:35Z" finished-at="2020-06-08T19:36:35Z">
    <groups>
      <group name="sanitytesting">
        <method signature="DependsOnGroups.login()[pri:0, instance:com.TestNG.DependsOnGroups@69ea3742]" name="login" class="com.TestNG.DependsOnGroups"/>
      </group> <!-- sanitytesting -->
      <group name="smoketesting">
        <method signature="DependsOnGroups.login()[pri:0, instance:com.TestNG.DependsOnGroups@69ea3742]" name="login" class="com.TestNG.DependsOnGroups"/>
      </group> <!-- smoketesting -->
    </groups>
    <test name="Test" duration-ms="60" started-at="2020-06-08T19:36:35Z" finished-at="2020-06-08T19:36:35Z">
      <class name="com.TestNG.DependsOnGroups">
        <test-method status="PASS" signature="login()[pri:0, instance:com.TestNG.DependsOnGroups@69ea3742]" name="login" duration-ms="19" started-at="2020-06-08T15:36:35Z" finished-at="2020-06-08T15:36:35Z">
          <reporter-output>
          </reporter-output>
        </test-method> <!-- login -->
      </class> <!-- com.TestNG.DependsOnGroups -->
    </test> <!-- Test -->
  </suite> <!-- Suite -->
</testng-results>
