<?xml version="1.0" encoding="UTF-8"?>
<testng-results skipped="0" failed="0" total="3" passed="3">
  <reporter-output>
  </reporter-output>
  <suite name="Default suite" duration-ms="69" started-at="2020-06-09T19:46:57Z" finished-at="2020-06-09T19:46:57Z">
    <groups>
    </groups>
    <test name="Default test" duration-ms="69" started-at="2020-06-09T19:46:57Z" finished-at="2020-06-09T19:46:57Z">
      <class name="com.TestNG.DependsuponMethods">
        <test-method status="PASS" signature="login()[pri:0, instance:com.TestNG.DependsuponMethods@20398b7c]" name="login" duration-ms="24" started-at="2020-06-09T15:46:57Z" finished-at="2020-06-09T15:46:57Z">
          <reporter-output>
          </reporter-output>
        </test-method> <!-- login -->
        <test-method status="PASS" signature="search()[pri:0, instance:com.TestNG.DependsuponMethods@20398b7c]" name="search" duration-ms="3" started-at="2020-06-09T15:46:57Z" depends-on-methods="com.TestNG.DependsuponMethods.login" finished-at="2020-06-09T15:46:57Z">
          <reporter-output>
          </reporter-output>
        </test-method> <!-- search -->
        <test-method status="PASS" signature="logout()[pri:0, instance:com.TestNG.DependsuponMethods@20398b7c]" name="logout" duration-ms="1" started-at="2020-06-09T15:46:57Z" depends-on-methods="com.TestNG.DependsuponMethods.search" finished-at="2020-06-09T15:46:57Z">
          <reporter-output>
          </reporter-output>
        </test-method> <!-- logout -->
      </class> <!-- com.TestNG.DependsuponMethods -->
    </test> <!-- Default test -->
  </suite> <!-- Default suite -->
</testng-results>
